[2023-02-17 21:51:29,238] [INFO ]- blog: Blog started
[2023-02-17 21:52:26,238] [INFO ]- blog: Blog started
[2023-02-17 21:53:34,623] [INFO ]- blog: Blog started
[2023-02-17 21:55:12,137] [INFO ]- blog: Blog started
[2023-02-17 22:08:30,659] [INFO ]- blog: Blog started
[2023-02-17 22:08:47,438] [INFO ]- blog: Blog started
[2023-02-17 22:09:19,474] [INFO ]- blog: Blog started
[2023-02-17 22:16:58,639] [INFO ]- blog: Blog started
[2023-02-17 22:17:19,958] [INFO ]- blog: Blog started
[2023-02-17 22:17:22,865] [INFO ]- blog: Blog started
[2023-02-17 22:19:37,796] [INFO ]- blog: Blog started
[2023-02-17 22:19:51,376] [INFO ]- blog: Blog started
[2023-02-17 22:32:10,776] [INFO ]- blog: Blog started
[2023-02-17 22:32:43,131] [INFO ]- blog: Blog started
[2023-02-17 22:39:13,074] [INFO ]- blog: Blog started
[2023-02-17 22:39:15,934] [ERROR ]- blog: Exception on / [GET]
Traceback (most recent call last):
  File "Z:\python project\flask_blog\venv\lib\site-packages\flask\app.py", line 2528, in wsgi_app
    response = self.full_dispatch_request()
  File "Z:\python project\flask_blog\venv\lib\site-packages\flask\app.py", line 1825, in full_dispatch_request
    rv = self.handle_user_exception(e)
  File "Z:\python project\flask_blog\venv\lib\site-packages\flask\app.py", line 1823, in full_dispatch_request
    rv = self.dispatch_request()
  File "Z:\python project\flask_blog\venv\lib\site-packages\flask\app.py", line 1799, in dispatch_request
    return self.ensure_sync(self.view_functions[rule.endpoint])(**view_args)
  File "Z:\python project\flask_blog\views.py", line 8, in index
    return render_template('index.html')
  File "Z:\python project\flask_blog\venv\lib\site-packages\flask\templating.py", line 146, in render_template
    template = app.jinja_env.get_or_select_template(template_name_or_list)
  File "Z:\python project\flask_blog\venv\lib\site-packages\jinja2\environment.py", line 1081, in get_or_select_template
    return self.get_template(template_name_or_list, parent, globals)
  File "Z:\python project\flask_blog\venv\lib\site-packages\jinja2\environment.py", line 1010, in get_template
    return self._load_template(name, globals)
  File "Z:\python project\flask_blog\venv\lib\site-packages\jinja2\environment.py", line 969, in _load_template
    template = self.loader.load(self, name, self.make_globals(globals))
  File "Z:\python project\flask_blog\venv\lib\site-packages\jinja2\loaders.py", line 138, in load
    code = environment.compile(source, name, filename)
  File "Z:\python project\flask_blog\venv\lib\site-packages\jinja2\environment.py", line 768, in compile
    self.handle_exception(source=source_hint)
  File "Z:\python project\flask_blog\venv\lib\site-packages\jinja2\environment.py", line 936, in handle_exception
    raise rewrite_traceback_stack(source=source)
  File "Z:\python project\flask_blog\templates\index.html", line 1, in template
    {% load static %}
jinja2.exceptions.TemplateSyntaxError: Encountered unknown tag 'load'.
[2023-02-17 22:40:24,928] [INFO ]- blog: Blog started
[2023-02-17 22:40:25,667] [INFO ]- blog: Blog started
[2023-02-17 23:19:26,672] [INFO ]- blog: Blog started
[2023-02-17 23:25:26,991] [INFO ]- blog: Blog started
[2023-02-17 23:27:07,900] [INFO ]- blog: Blog started
[2023-02-17 23:58:52,022] [INFO ]- blog: Blog started
[2023-02-18 00:11:31,513] [INFO ]- blog: Blog started
[2023-02-18 00:11:46,048] [INFO ]- blog: Blog started
[2023-02-18 00:11:59,774] [INFO ]- blog: Blog started
[2023-02-18 00:12:51,546] [INFO ]- blog: Blog started
[2023-02-18 01:01:17,252] [INFO ]- blog: Blog started
[2023-02-18 01:05:27,514] [INFO ]- blog: Blog started
[2023-02-18 01:05:39,144] [INFO ]- blog: Blog started
[2023-02-18 01:06:18,716] [INFO ]- blog: Blog started
[2023-02-18 01:06:31,383] [INFO ]- blog: Blog started
[2023-02-18 01:23:09,206] [INFO ]- blog: Blog started
[2023-02-18 01:25:49,598] [INFO ]- blog: Blog started
[2023-02-18 01:26:22,768] [INFO ]- blog: Blog started
[2023-02-18 01:26:54,667] [INFO ]- blog: Blog started
[2023-02-18 01:27:44,835] [INFO ]- blog: Blog started
[2023-02-18 01:29:14,993] [INFO ]- blog: Blog started
[2023-02-18 01:30:25,804] [INFO ]- blog: Blog started
[2023-02-18 01:31:11,364] [INFO ]- blog: Blog started
[2023-02-18 01:32:23,204] [INFO ]- blog: Blog started
[2023-02-18 01:34:31,027] [INFO ]- blog: Blog started
[2023-02-18 01:35:00,315] [INFO ]- blog: Blog started
[2023-02-18 01:35:31,142] [INFO ]- blog: Blog started
[2023-02-18 12:22:51,662] [INFO ]- blog: Blog started
[2023-02-18 13:23:10,893] [INFO ]- blog: Blog started
[2023-02-18 13:23:24,911] [INFO ]- blog: Blog started
[2023-02-18 13:25:57,734] [INFO ]- blog: Blog started
[2023-02-18 13:27:31,828] [INFO ]- blog: Blog started
[2023-02-18 13:31:27,185] [INFO ]- blog: Blog started
[2023-02-18 13:32:35,692] [INFO ]- blog: Blog started
[2023-02-18 13:32:58,704] [INFO ]- blog: Blog started
[2023-02-18 13:33:06,438] [INFO ]- blog: Blog started
[2023-02-18 13:36:16,107] [INFO ]- blog: Blog started
[2023-02-18 13:37:43,083] [INFO ]- blog: Blog started
[2023-02-18 13:46:59,557] [INFO ]- blog: Blog started
[2023-02-18 13:51:06,012] [INFO ]- blog: Blog started
[2023-02-18 13:56:58,379] [INFO ]- blog: Blog started
[2023-02-18 13:58:15,742] [INFO ]- blog: Blog started
[2023-02-18 13:58:57,271] [INFO ]- blog: Blog started
[2023-02-18 13:59:27,548] [INFO ]- blog: Blog started
[2023-02-18 14:00:56,445] [INFO ]- blog: Blog started
[2023-02-18 14:01:26,318] [INFO ]- blog: Blog started
[2023-02-18 14:08:07,119] [INFO ]- blog: Blog started
[2023-02-18 14:08:25,675] [INFO ]- blog: Blog started
[2023-02-18 14:14:03,431] [INFO ]- blog: Blog started
[2023-02-18 14:15:53,884] [INFO ]- blog: Blog started
[2023-02-18 14:22:28,348] [INFO ]- blog: Blog started
[2023-02-18 14:22:47,787] [INFO ]- blog: Blog started
[2023-02-18 14:25:16,595] [INFO ]- blog: Blog started
[2023-02-18 14:27:07,072] [INFO ]- blog: Blog started
[2023-02-18 14:30:16,764] [INFO ]- blog: Blog started
[2023-02-18 14:30:50,986] [INFO ]- blog: Blog started
[2023-02-18 14:31:34,435] [INFO ]- blog: Blog started
[2023-02-18 14:35:52,627] [INFO ]- blog: Blog started
[2023-02-18 14:37:15,207] [INFO ]- blog: Blog started
[2023-02-18 14:41:03,730] [INFO ]- blog: Blog started
[2023-02-18 14:43:05,011] [INFO ]- blog: Blog started
[2023-02-18 14:44:27,630] [INFO ]- blog: Blog started
[2023-02-18 14:46:24,921] [INFO ]- blog: Blog started
[2023-02-18 14:49:15,940] [INFO ]- blog: Blog started
[2023-02-18 14:52:37,717] [INFO ]- blog: Blog started
[2023-02-18 14:54:45,665] [INFO ]- blog: Blog started
[2023-02-18 14:57:41,341] [INFO ]- blog: Blog started
[2023-02-18 14:58:30,268] [INFO ]- blog: Blog started
[2023-02-18 14:58:55,951] [INFO ]- blog: Blog started
[2023-02-18 14:59:24,324] [INFO ]- blog: Blog started
[2023-02-18 15:00:38,885] [INFO ]- blog: Blog started
[2023-02-18 15:01:21,184] [INFO ]- blog: Blog started
[2023-02-18 15:02:56,075] [INFO ]- blog: Blog started
[2023-02-18 15:04:58,104] [INFO ]- blog: Blog started
[2023-02-19 13:19:39,937] [INFO ]- blog: Blog started
[2023-02-19 13:20:53,392] [INFO ]- blog: Blog started
[2023-02-19 13:21:41,352] [INFO ]- blog: Blog started
[2023-02-19 13:21:42,286] [INFO ]- blog: Blog started
[2023-02-19 13:26:53,074] [INFO ]- blog: Blog started
[2023-02-19 13:41:56,594] [INFO ]- blog: Blog started
[2023-02-19 13:41:58,311] [INFO ]- blog: Blog started
[2023-02-19 14:02:46,474] [INFO ]- blog: Blog started
[2023-02-19 14:06:11,199] [INFO ]- blog: Blog started
[2023-02-19 14:07:59,145] [INFO ]- blog: Blog started
[2023-02-19 14:09:42,337] [INFO ]- blog: Blog started
[2023-02-19 14:14:15,081] [INFO ]- blog: Blog started
[2023-02-19 14:16:12,877] [INFO ]- blog: Blog started
[2023-02-19 14:16:47,745] [INFO ]- blog: Blog started
[2023-02-19 14:18:02,908] [INFO ]- blog: Blog started
[2023-02-19 14:19:50,000] [INFO ]- blog: Blog started
[2023-02-19 14:21:25,312] [INFO ]- blog: Blog started
[2023-02-19 14:42:42,321] [INFO ]- blog: Blog started
[2023-02-19 14:45:17,205] [INFO ]- blog: Blog started
[2023-02-19 17:40:34,571] [INFO ]- blog: Blog started
[2023-02-19 17:40:46,064] [INFO ]- blog: Blog started
[2023-02-19 17:40:48,282] [INFO ]- blog: Blog started
[2023-02-19 17:41:30,732] [INFO ]- blog: Blog started
[2023-02-19 17:43:16,699] [INFO ]- blog: Blog started
[2023-02-19 17:45:48,549] [INFO ]- blog: Blog started
[2023-02-19 17:46:20,398] [INFO ]- blog: Blog started
[2023-02-19 17:46:26,207] [INFO ]- blog: Blog started
[2023-02-19 17:47:10,213] [INFO ]- blog: Blog started
[2023-02-19 17:50:14,687] [INFO ]- blog: Blog started
[2023-02-19 17:51:07,056] [INFO ]- blog: Blog started
[2023-02-19 17:51:19,366] [INFO ]- blog: Blog started
[2023-02-19 17:52:46,774] [INFO ]- blog: Blog started
[2023-02-19 18:06:43,002] [INFO ]- blog: Blog started
[2023-02-19 18:07:34,770] [INFO ]- blog: Blog started
[2023-02-19 18:10:55,476] [INFO ]- blog: Blog started
[2023-02-19 18:12:41,938] [INFO ]- blog: Blog started
[2023-02-19 18:15:05,656] [INFO ]- blog: Blog started
[2023-02-19 18:16:55,218] [INFO ]- blog: Blog started
[2023-02-19 18:17:41,744] [INFO ]- blog: Blog started
[2023-02-19 18:18:26,958] [INFO ]- blog: Blog started
[2023-02-19 18:20:06,122] [INFO ]- blog: Blog started
[2023-02-19 18:21:08,880] [INFO ]- blog: Blog started
[2023-02-19 18:23:16,563] [INFO ]- blog: Blog started
[2023-02-19 18:25:31,026] [INFO ]- blog: Blog started
[2023-02-19 18:27:58,522] [INFO ]- blog: Blog started
[2023-02-19 18:29:00,867] [INFO ]- blog: Blog started
[2023-02-19 18:30:17,209] [INFO ]- blog: Blog started
[2023-02-19 18:31:15,887] [INFO ]- blog: Blog started
[2023-02-19 18:36:10,990] [INFO ]- blog: Blog started
[2023-02-19 18:40:56,523] [INFO ]- blog: Blog started
[2023-02-19 18:44:40,070] [INFO ]- blog: Blog started
[2023-02-19 18:45:06,964] [INFO ]- blog: Blog started
[2023-02-19 18:50:46,896] [INFO ]- blog: Blog started
[2023-02-19 18:51:41,690] [INFO ]- blog: Blog started
[2023-02-19 18:54:30,269] [INFO ]- blog: Blog started
[2023-02-19 18:55:29,187] [INFO ]- blog: Blog started
[2023-02-19 19:21:47,826] [INFO ]- blog: Blog started
[2023-02-19 19:22:36,433] [INFO ]- blog: Blog started
[2023-02-19 19:25:11,872] [INFO ]- blog: Blog started
[2023-02-19 19:39:40,980] [INFO ]- blog: Blog started
[2023-02-19 19:43:39,950] [INFO ]- blog: Blog started
[2023-02-19 19:43:51,129] [INFO ]- blog: Blog started
[2023-02-19 19:45:43,993] [INFO ]- blog: Blog started
[2023-02-19 20:01:47,675] [INFO ]- blog: Blog started
[2023-02-19 20:02:45,071] [INFO ]- blog: Blog started
[2023-02-19 20:06:28,000] [INFO ]- blog: Blog started
[2023-02-19 20:06:43,056] [INFO ]- blog: Blog started
[2023-02-19 20:06:59,917] [INFO ]- blog: Blog started
[2023-02-19 20:07:47,888] [INFO ]- blog: Blog started
[2023-02-19 20:10:44,731] [INFO ]- blog: Blog started
[2023-02-19 20:10:55,573] [INFO ]- blog: Blog started
[2023-02-19 20:11:30,021] [INFO ]- blog: Blog started
[2023-02-19 20:11:46,856] [INFO ]- blog: Blog started
[2023-02-19 20:11:47,281] [INFO ]- blog: Blog started
[2023-02-19 20:11:58,145] [INFO ]- blog: Blog started
[2023-02-19 20:11:58,825] [INFO ]- blog: Blog started
[2023-02-19 20:12:09,968] [INFO ]- blog: Blog started
[2023-02-19 20:12:10,512] [INFO ]- blog: Blog started
[2023-02-19 20:12:20,264] [INFO ]- blog: Blog started
[2023-02-19 20:16:08,577] [INFO ]- blog: Blog started
[2023-02-19 20:18:00,780] [INFO ]- blog: Blog started
[2023-02-19 20:19:11,608] [INFO ]- blog: Blog started
[2023-02-19 20:19:33,844] [INFO ]- blog: Blog started
[2023-02-19 20:19:42,910] [INFO ]- blog: Blog started
[2023-02-19 20:19:47,357] [INFO ]- blog: Blog started
[2023-02-19 20:20:19,754] [INFO ]- blog: Blog started
[2023-02-19 20:21:15,228] [INFO ]- blog: Blog started
[2023-02-19 20:21:57,955] [INFO ]- blog: Blog started
[2023-02-19 20:25:37,006] [INFO ]- blog: Blog started
[2023-02-19 20:30:38,319] [INFO ]- blog: Blog started
[2023-02-19 20:35:41,267] [INFO ]- blog: Blog started
[2023-02-19 20:35:41,293] [INFO ]- blog: Blog started
[2023-02-19 20:35:47,389] [INFO ]- blog: Blog started
[2023-02-19 20:35:49,886] [INFO ]- blog: Blog started
[2023-02-19 20:35:54,303] [INFO ]- blog: Blog started
[2023-02-19 20:37:11,714] [INFO ]- blog: Blog started
[2023-02-19 20:41:17,293] [INFO ]- blog: Blog started
[2023-02-19 20:42:24,812] [INFO ]- blog: Blog started
[2023-02-19 20:43:36,557] [INFO ]- blog: Blog started
[2023-02-19 20:45:22,123] [INFO ]- blog: Blog started
[2023-02-19 20:45:38,586] [INFO ]- blog: Blog started
[2023-02-19 20:48:23,186] [INFO ]- blog: Blog started
[2023-02-19 20:48:33,647] [INFO ]- blog: Blog started
[2023-02-19 20:48:50,880] [INFO ]- blog: Blog started
[2023-02-19 20:48:53,029] [INFO ]- blog: Blog started
[2023-02-19 20:50:57,798] [INFO ]- blog: Blog started
[2023-02-19 20:53:49,724] [INFO ]- blog: Blog started
[2023-02-19 20:55:53,911] [INFO ]- blog: Blog started
[2023-02-19 21:02:37,196] [INFO ]- blog: Blog started
[2023-02-19 21:16:54,158] [INFO ]- blog: Blog started
[2023-02-19 21:28:24,554] [INFO ]- blog: Blog started
[2023-02-19 21:28:58,756] [INFO ]- blog: Blog started
[2023-02-19 21:29:41,701] [INFO ]- blog: Blog started
[2023-02-19 21:40:13,142] [INFO ]- blog: Blog started
[2023-02-19 21:43:58,365] [INFO ]- blog: Blog started
[2023-02-19 21:46:35,989] [INFO ]- blog: Blog started
[2023-02-19 21:48:12,844] [INFO ]- blog: Blog started
[2023-02-19 21:51:08,005] [INFO ]- blog: Blog started
[2023-02-19 22:01:44,799] [INFO ]- blog: Blog started
[2023-02-19 22:02:27,102] [INFO ]- blog: Blog started
[2023-02-19 22:18:15,166] [INFO ]- blog: Blog started
[2023-02-19 22:19:59,495] [INFO ]- blog: Blog started
[2023-02-19 22:20:04,363] [INFO ]- blog: Blog started
[2023-02-19 22:52:07,270] [INFO ]- blog: Blog started
[2023-02-19 22:53:11,541] [INFO ]- blog: Blog started
[2023-02-19 23:21:42,329] [INFO ]- blog: Blog started
[2023-02-19 23:25:40,525] [INFO ]- blog: Blog started
[2023-02-19 23:26:04,476] [INFO ]- blog: Blog started
[2023-02-20 00:13:25,569] [INFO ]- blog: Blog started
[2023-02-20 00:29:42,076] [INFO ]- blog: Blog started
[2023-02-20 00:30:42,396] [INFO ]- blog: Blog started
[2023-02-20 00:37:44,554] [INFO ]- blog: Blog started
[2023-02-20 00:38:47,906] [INFO ]- blog: Blog started
[2023-02-20 00:46:43,012] [INFO ]- blog: Blog started
[2023-02-20 00:46:55,085] [INFO ]- blog: Blog started
[2023-02-20 00:50:21,658] [INFO ]- blog: Blog started
[2023-02-20 00:51:31,299] [INFO ]- blog: Blog started
[2023-02-20 01:00:11,056] [INFO ]- blog: Blog started
[2023-02-20 01:00:40,915] [INFO ]- blog: Blog started
[2023-02-20 01:01:45,924] [INFO ]- blog: Blog started
[2023-02-20 01:03:54,200] [INFO ]- blog: Blog started
[2023-02-20 01:05:53,500] [INFO ]- blog: Blog started
[2023-02-20 01:06:48,338] [INFO ]- blog: Blog started
[2023-02-20 01:06:55,056] [INFO ]- blog: Blog started
[2023-02-20 01:07:31,425] [INFO ]- blog: Blog started
[2023-02-20 01:09:37,303] [INFO ]- blog: Blog started
[2023-02-20 01:10:47,423] [INFO ]- blog: Blog started
[2023-02-20 01:13:37,298] [INFO ]- blog: Blog started
[2023-02-20 01:16:05,650] [INFO ]- blog: Blog started
[2023-02-20 01:22:01,440] [INFO ]- blog: Blog started
[2023-02-20 01:23:02,038] [INFO ]- blog: Blog started
[2023-02-20 01:23:18,539] [INFO ]- blog: Blog started
[2023-02-20 01:24:31,273] [INFO ]- blog: Blog started
[2023-02-20 01:24:52,557] [INFO ]- blog: Blog started
[2023-02-20 03:08:53,186] [INFO ]- blog: Blog started
[2023-02-20 03:09:28,130] [INFO ]- blog: Blog started
[2023-02-20 03:09:28,827] [INFO ]- blog: Blog started
[2023-02-20 03:16:59,975] [INFO ]- blog: Blog started
[2023-02-20 03:17:00,776] [INFO ]- blog: Blog started
[2023-02-21 18:57:34,935] [INFO ]- blog: Blog started
[2023-02-21 18:58:23,549] [INFO ]- blog: Blog started
[2023-02-21 18:58:29,555] [INFO ]- blog: Blog started
[2023-02-21 19:00:34,668] [INFO ]- blog: Blog started
[2023-02-21 19:03:17,200] [ERROR ]- blog: Exception on / [GET]
Traceback (most recent call last):
  File "Z:\python project\flask-blog-git\venv\lib\site-packages\sqlalchemy\engine\base.py", line 1964, in _exec_single_context
    self.dialect.do_execute(
  File "Z:\python project\flask-blog-git\venv\lib\site-packages\sqlalchemy\engine\default.py", line 747, in do_execute
    cursor.execute(statement, parameters)
psycopg2.errors.UndefinedTable: relation "blog" does not exist
LINE 2: FROM blog JOIN "user" ON "user".id = blog."user" ORDER BY bl...
             ^


The above exception was the direct cause of the following exception:

Traceback (most recent call last):
  File "Z:\python project\flask-blog-git\venv\lib\site-packages\flask\app.py", line 2528, in wsgi_app
    response = self.full_dispatch_request()
  File "Z:\python project\flask-blog-git\venv\lib\site-packages\flask\app.py", line 1825, in full_dispatch_request
    rv = self.handle_user_exception(e)
  File "Z:\python project\flask-blog-git\venv\lib\site-packages\flask\app.py", line 1823, in full_dispatch_request
    rv = self.dispatch_request()
  File "Z:\python project\flask-blog-git\venv\lib\site-packages\flask\app.py", line 1799, in dispatch_request
    return self.ensure_sync(self.view_functions[rule.endpoint])(**view_args)
  File "Z:\python project\flask-blog-git\views.py", line 19, in index
    .join(User).order_by(Blog.timestamp.desc()).all()
  File "Z:\python project\flask-blog-git\venv\lib\site-packages\sqlalchemy\orm\query.py", line 2697, in all
    return self._iter().all()  # type: ignore
  File "Z:\python project\flask-blog-git\venv\lib\site-packages\sqlalchemy\orm\query.py", line 2855, in _iter
    result: Union[ScalarResult[_T], Result[_T]] = self.session.execute(
  File "Z:\python project\flask-blog-git\venv\lib\site-packages\sqlalchemy\orm\session.py", line 2229, in execute
    return self._execute_internal(
  File "Z:\python project\flask-blog-git\venv\lib\site-packages\sqlalchemy\orm\session.py", line 2124, in _execute_internal
    result: Result[Any] = compile_state_cls.orm_execute_statement(
  File "Z:\python project\flask-blog-git\venv\lib\site-packages\sqlalchemy\orm\context.py", line 253, in orm_execute_statement
    result = conn.execute(
  File "Z:\python project\flask-blog-git\venv\lib\site-packages\sqlalchemy\engine\base.py", line 1414, in execute
    return meth(
  File "Z:\python project\flask-blog-git\venv\lib\site-packages\sqlalchemy\sql\elements.py", line 485, in _execute_on_connection
    return connection._execute_clauseelement(
  File "Z:\python project\flask-blog-git\venv\lib\site-packages\sqlalchemy\engine\base.py", line 1638, in _execute_clauseelement
    ret = self._execute_context(
  File "Z:\python project\flask-blog-git\venv\lib\site-packages\sqlalchemy\engine\base.py", line 1842, in _execute_context
    return self._exec_single_context(
  File "Z:\python project\flask-blog-git\venv\lib\site-packages\sqlalchemy\engine\base.py", line 1983, in _exec_single_context
    self._handle_dbapi_exception(
  File "Z:\python project\flask-blog-git\venv\lib\site-packages\sqlalchemy\engine\base.py", line 2325, in _handle_dbapi_exception
    raise sqlalchemy_exception.with_traceback(exc_info[2]) from e
  File "Z:\python project\flask-blog-git\venv\lib\site-packages\sqlalchemy\engine\base.py", line 1964, in _exec_single_context
    self.dialect.do_execute(
  File "Z:\python project\flask-blog-git\venv\lib\site-packages\sqlalchemy\engine\default.py", line 747, in do_execute
    cursor.execute(statement, parameters)
sqlalchemy.exc.ProgrammingError: (psycopg2.errors.UndefinedTable) relation "blog" does not exist
LINE 2: FROM blog JOIN "user" ON "user".id = blog."user" ORDER BY bl...
             ^

[SQL: SELECT blog.title AS blog_title, blog.body AS blog_body, blog.timestamp AS blog_timestamp, "user".first_name AS user_first_name, "user".last_name AS user_last_name, blog.id AS blog_id 
FROM blog JOIN "user" ON "user".id = blog."user" ORDER BY blog.timestamp DESC]
(Background on this error at: https://sqlalche.me/e/20/f405)
[2023-02-21 19:03:23,122] [ERROR ]- blog: Exception on / [GET]
Traceback (most recent call last):
  File "Z:\python project\flask-blog-git\venv\lib\site-packages\sqlalchemy\engine\base.py", line 1964, in _exec_single_context
    self.dialect.do_execute(
  File "Z:\python project\flask-blog-git\venv\lib\site-packages\sqlalchemy\engine\default.py", line 747, in do_execute
    cursor.execute(statement, parameters)
psycopg2.errors.UndefinedTable: relation "blog" does not exist
LINE 2: FROM blog JOIN "user" ON "user".id = blog."user" ORDER BY bl...
             ^


The above exception was the direct cause of the following exception:

Traceback (most recent call last):
  File "Z:\python project\flask-blog-git\venv\lib\site-packages\flask\app.py", line 2528, in wsgi_app
    response = self.full_dispatch_request()
  File "Z:\python project\flask-blog-git\venv\lib\site-packages\flask\app.py", line 1825, in full_dispatch_request
    rv = self.handle_user_exception(e)
  File "Z:\python project\flask-blog-git\venv\lib\site-packages\flask\app.py", line 1823, in full_dispatch_request
    rv = self.dispatch_request()
  File "Z:\python project\flask-blog-git\venv\lib\site-packages\flask\app.py", line 1799, in dispatch_request
    return self.ensure_sync(self.view_functions[rule.endpoint])(**view_args)
  File "Z:\python project\flask-blog-git\views.py", line 19, in index
    .join(User).order_by(Blog.timestamp.desc()).all()
  File "Z:\python project\flask-blog-git\venv\lib\site-packages\sqlalchemy\orm\query.py", line 2697, in all
    return self._iter().all()  # type: ignore
  File "Z:\python project\flask-blog-git\venv\lib\site-packages\sqlalchemy\orm\query.py", line 2855, in _iter
    result: Union[ScalarResult[_T], Result[_T]] = self.session.execute(
  File "Z:\python project\flask-blog-git\venv\lib\site-packages\sqlalchemy\orm\session.py", line 2229, in execute
    return self._execute_internal(
  File "Z:\python project\flask-blog-git\venv\lib\site-packages\sqlalchemy\orm\session.py", line 2124, in _execute_internal
    result: Result[Any] = compile_state_cls.orm_execute_statement(
  File "Z:\python project\flask-blog-git\venv\lib\site-packages\sqlalchemy\orm\context.py", line 253, in orm_execute_statement
    result = conn.execute(
  File "Z:\python project\flask-blog-git\venv\lib\site-packages\sqlalchemy\engine\base.py", line 1414, in execute
    return meth(
  File "Z:\python project\flask-blog-git\venv\lib\site-packages\sqlalchemy\sql\elements.py", line 485, in _execute_on_connection
    return connection._execute_clauseelement(
  File "Z:\python project\flask-blog-git\venv\lib\site-packages\sqlalchemy\engine\base.py", line 1638, in _execute_clauseelement
    ret = self._execute_context(
  File "Z:\python project\flask-blog-git\venv\lib\site-packages\sqlalchemy\engine\base.py", line 1842, in _execute_context
    return self._exec_single_context(
  File "Z:\python project\flask-blog-git\venv\lib\site-packages\sqlalchemy\engine\base.py", line 1983, in _exec_single_context
    self._handle_dbapi_exception(
  File "Z:\python project\flask-blog-git\venv\lib\site-packages\sqlalchemy\engine\base.py", line 2325, in _handle_dbapi_exception
    raise sqlalchemy_exception.with_traceback(exc_info[2]) from e
  File "Z:\python project\flask-blog-git\venv\lib\site-packages\sqlalchemy\engine\base.py", line 1964, in _exec_single_context
    self.dialect.do_execute(
  File "Z:\python project\flask-blog-git\venv\lib\site-packages\sqlalchemy\engine\default.py", line 747, in do_execute
    cursor.execute(statement, parameters)
sqlalchemy.exc.ProgrammingError: (psycopg2.errors.UndefinedTable) relation "blog" does not exist
LINE 2: FROM blog JOIN "user" ON "user".id = blog."user" ORDER BY bl...
             ^

[SQL: SELECT blog.title AS blog_title, blog.body AS blog_body, blog.timestamp AS blog_timestamp, "user".first_name AS user_first_name, "user".last_name AS user_last_name, blog.id AS blog_id 
FROM blog JOIN "user" ON "user".id = blog."user" ORDER BY blog.timestamp DESC]
(Background on this error at: https://sqlalche.me/e/20/f405)
[2023-02-21 19:04:05,212] [INFO ]- blog: Blog started
[2023-02-21 19:04:05,931] [INFO ]- blog: Blog started
[2023-02-21 19:06:07,361] [INFO ]- blog: Blog started
[2023-02-21 19:06:12,128] [INFO ]- blog: Blog started
[2023-02-21 19:06:36,663] [INFO ]- blog: Blog started
[2023-02-21 19:06:43,951] [INFO ]- blog: Blog started
